[PREINITIALIZATION][CLIENT][INFO] Current loaders after merging: [[preinit]]
[PREINITIALIZATION][CLIENT][INFO] Loading scripts for loader with names [preinit]
[PREINITIALIZATION][CLIENT][INFO] [preinit | SIDE_CLIENT]: Skipping file {[0:crafttweaker]: 00_recipe_changes.zs} as we are currently loading with a different loader
[PREINITIALIZATION][CLIENT][INFO] [preinit | SIDE_CLIENT]: Skipping file {[0:crafttweaker]: 01_unification.zs} as we are currently loading with a different loader
[PREINITIALIZATION][CLIENT][INFO] [preinit | SIDE_CLIENT]: Skipping file {[0:crafttweaker]: 02_akashic_tome.zs} as we are currently loading with a different loader
[PREINITIALIZATION][CLIENT][INFO] [preinit | SIDE_CLIENT]: Skipping file {[0:crafttweaker]: 03_tooltip.zs} as we are currently loading with a different loader
[PREINITIALIZATION][CLIENT][INFO] Completed script loading in: 7ms
[PREINITIALIZATION][CLIENT][INFO] Current loaders after merging: [[preinit], [nc_preinit]]
[PREINITIALIZATION][CLIENT][INFO] Loading scripts for loader with names [nc_preinit]
[PREINITIALIZATION][CLIENT][INFO] [nc_preinit | SIDE_CLIENT]: Skipping file {[0:crafttweaker]: 00_recipe_changes.zs} as we are currently loading with a different loader
[PREINITIALIZATION][CLIENT][INFO] [nc_preinit | SIDE_CLIENT]: Skipping file {[0:crafttweaker]: 01_unification.zs} as we are currently loading with a different loader
[PREINITIALIZATION][CLIENT][INFO] [nc_preinit | SIDE_CLIENT]: Skipping file {[0:crafttweaker]: 02_akashic_tome.zs} as we are currently loading with a different loader
[PREINITIALIZATION][CLIENT][INFO] [nc_preinit | SIDE_CLIENT]: Skipping file {[0:crafttweaker]: 03_tooltip.zs} as we are currently loading with a different loader
[PREINITIALIZATION][CLIENT][INFO] Completed script loading in: 0ms
[INITIALIZATION][CLIENT][INFO] CraftTweaker: Building registry
[INITIALIZATION][CLIENT][INFO] CraftTweaker: Successfully built item registry
[INITIALIZATION][CLIENT][INFO] Current loaders after merging: [[preinit], [nc_preinit], [recipeevent | crafttweaker]]
[INITIALIZATION][CLIENT][INFO] Loading scripts for loader with names [crafttweaker | recipeevent]
[INITIALIZATION][CLIENT][INFO] [crafttweaker | SIDE_CLIENT]: Loading Script: {[0:crafttweaker]: 00_recipe_changes.zs}
[INITIALIZATION][CLIENT][ERROR] 00_recipe_changes.zs:16: Could not resolve <extrautils2 : sickle_wood>
[INITIALIZATION][CLIENT][ERROR] 00_recipe_changes.zs:17: Could not resolve <extrautils2 : sickle_stone>
[INITIALIZATION][CLIENT][ERROR] 00_recipe_changes.zs:18: Could not resolve <extrautils2 : sickle_iron>
[INITIALIZATION][CLIENT][ERROR] 00_recipe_changes.zs:19: Could not resolve <extrautils2 : sickle_gold>
[INITIALIZATION][CLIENT][ERROR] 00_recipe_changes.zs:20: Could not resolve <extrautils2 : sickle_diamond>
[INITIALIZATION][CLIENT][ERROR] 00_recipe_changes.zs:112: Could not resolve <extrautils2 : bagofholding>
[INITIALIZATION][CLIENT][ERROR] 00_recipe_changes.zs:113: Could not resolve <extrautils2 : bagofholding>
[INITIALIZATION][CLIENT][ERROR] 00_recipe_changes.zs:167: Could not resolve <chisel : block_charcoal2 : 1>
[INITIALIZATION][CLIENT][ERROR] 00_recipe_changes.zs:252: Could not resolve <extrautils2 : machine>
[INITIALIZATION][CLIENT][ERROR] 00_recipe_changes.zs:253: Could not resolve <extrautils2 : machine>
[INITIALIZATION][CLIENT][ERROR] 00_recipe_changes.zs:257: Could not resolve <extrautils2 : machine>
[INITIALIZATION][CLIENT][INFO] Initializing 'recipe_changes.zs'...
[INITIALIZATION][CLIENT][ERROR] Cannot remove recipes for a null item!
[INITIALIZATION][CLIENT][ERROR] Cannot remove recipes for a null item!
[INITIALIZATION][CLIENT][ERROR] Cannot remove recipes for a null item!
[INITIALIZATION][CLIENT][ERROR] Cannot remove recipes for a null item!
[INITIALIZATION][CLIENT][ERROR] Cannot remove recipes for a null item!
[INITIALIZATION][CLIENT][INFO] Adding tooltip for <actuallyadditions:item_bag>: "Disabled due to bug!"
[INITIALIZATION][CLIENT][ERROR] Cannot remove recipes for a null item!
[INITIALIZATION][CLIENT][ERROR] [crafttweaker]: Error executing {[0:crafttweaker]: 00_recipe_changes.zs}: Truncated class file
java.lang.ClassFormatError: Truncated class file
	at java.lang.ClassLoader.defineClass1(Native Method)
	at java.lang.ClassLoader.defineClass(ClassLoader.java:760)
	at java.lang.ClassLoader.defineClass(ClassLoader.java:642)
	at stanhebben.zenscript.ZenModule$MyClassLoader.loadClass(ZenModule.java:419)
	at 00_recipe_changes.__script__(00_recipe_changes.zs:113)
	at __ZenMain__.run(00_recipe_changes)
	at crafttweaker.runtime.CrTTweaker.loadScript(CrTTweaker.java:240)
	at crafttweaker.runtime.CrTTweaker.loadScript(CrTTweaker.java:105)
	at crafttweaker.mc1120.events.CommonEventHandler.registerRecipes(CommonEventHandler.java:71)
	at net.minecraftforge.fml.common.eventhandler.ASMEventHandler_2740_CommonEventHandler_registerRecipes_Register.invoke(.dynamic)
	at net.minecraftforge.fml.common.eventhandler.ASMEventHandler.invoke(ASMEventHandler.java:90)
	at net.minecraftforge.fml.common.eventhandler.EventBus$1.invoke(EventBus.java:144)
	at net.minecraftforge.fml.common.eventhandler.EventBus.post(EventBus.java:182)
	at net.minecraftforge.registries.GameData.fireRegistryEvents(GameData.java:857)
	at net.minecraftforge.common.crafting.CraftingHelper.loadRecipes(CraftingHelper.java:636)
	at net.minecraftforge.fml.common.Loader.initializeMods(Loader.java:747)
	at net.minecraftforge.fml.client.FMLClientHandler.finishMinecraftLoading(FMLClientHandler.java:336)
	at net.minecraft.client.Minecraft.func_71384_a(Minecraft.java:535)
	at net.minecraft.client.Minecraft.func_99999_d(Minecraft.java:378)
	at net.minecraft.client.main.Main.main(SourceFile:123)
	at sun.reflect.NativeMethodAccessorImpl.invoke0(Native Method)
	at sun.reflect.NativeMethodAccessorImpl.invoke(NativeMethodAccessorImpl.java:62)
	at sun.reflect.DelegatingMethodAccessorImpl.invoke(DelegatingMethodAccessorImpl.java:43)
	at java.lang.reflect.Method.invoke(Method.java:497)
	at net.minecraft.launchwrapper.Launch.launch(Launch.java:135)
	at net.minecraft.launchwrapper.Launch.main(Launch.java:28)
[INITIALIZATION][CLIENT][INFO] [crafttweaker | SIDE_CLIENT]: Loading Script: {[0:crafttweaker]: 01_unification.zs}
[INITIALIZATION][CLIENT][INFO] Initializing 'unification.zs'...
[INITIALIZATION][CLIENT][INFO] Trying to remove Crafting Table recipes for kind: plate
[INITIALIZATION][CLIENT][INFO] Adding Iridium Shard to ore dictionary entry nuggetIridium
[INITIALIZATION][CLIENT][INFO] Adding Iridium Nugget to ore dictionary entry nuggetIridium
[INITIALIZATION][CLIENT][INFO] Adding Iridium Ore to ore dictionary entry ingotIridium
[INITIALIZATION][CLIENT][INFO] Adding Iridium Ingot to ore dictionary entry ingotIridium
[INITIALIZATION][CLIENT][INFO] Initialized 'unification.zs'
[INITIALIZATION][CLIENT][INFO] [crafttweaker | SIDE_CLIENT]: Loading Script: {[0:crafttweaker]: 02_akashic_tome.zs}
[INITIALIZATION][CLIENT][INFO] Akashic Tome
[INITIALIZATION][CLIENT][INFO] Adding 1 Initial Inventory Recipe(s) for <akashictome:tome>.withTag({"akashictome:is_morphing": 1 as byte, "akashictome:data": {tconstruct: {id: "tconstruct:book", Count: 1 as byte, tag: {"akashictome:definedMod": "tconstruct"}, Damage: 0 as short}, rftoolscontrol: {id: "rftoolscontrol:rftoolscontrol_manual", Count: 1 as byte, tag: {"akashictome:definedMod": "rftoolscontrol"}, Damage: 0 as short}, industrialforegoing: {id: "industrialforegoing:book_manual", Count: 1 as byte, tag: {"akashictome:definedMod": "industrialforegoing"}, Damage: 0 as short}, astralsorcery: {id: "astralsorcery:itemjournal", Count: 1 as byte, tag: {"akashictome:definedMod": "astralsorcery"}, Damage: 0 as short}, conarm: {id: "conarm:book", Count: 1 as byte, tag: {"akashictome:definedMod": "conarm"}, Damage: 0 as short}, immersiveengineering: {id: "immersiveengineering:tool", Count: 1 as byte, tag: {"akashictome:definedMod": "immersiveengineering"}, Damage: 3 as short}, valkyrielib: {id: "valkyrielib:guide", Count: 1 as byte, tag: {"akashictome:definedMod": "valkyrielib"}, Damage: 0 as short}, rftools1: {id: "rftools:rftools_shape_manual", Count: 1 as byte, tag: {"akashictome:definedMod": "rftools1"}, Damage: 0 as short}, botania: {id: "botania:lexicon", Count: 1 as byte, tag: {"akashictome:definedMod": "botania"}, Damage: 0 as short}, rustic: {id: "rustic:book", Count: 1 as byte, tag: {"akashictome:definedMod": "rustic"}, Damage: 0 as short}, draconicevolution: {id: "draconicevolution:info_tablet", Count: 1 as byte, tag: {"akashictome:definedMod": "draconicevolution"}, Damage: 0 as short}, extrautils2: {id: "extrautils2:book", Count: 1 as byte, tag: {"akashictome:definedMod": "extrautils2"}, Damage: 0 as short}, thermalfoundation: {id: "thermalfoundation:tome_lexicon", Count: 1 as byte, tag: {"akashictome:definedMod": "thermalfoundation"}, Damage: 0 as short}, actuallyadditions: {id: "actuallyadditions:item_booklet", Count: 1 as byte, tag: {"akashictome:definedMod": "actuallyadditions"}, Damage: 0 as short}, bloodmagic: {id: "guideapi:bloodmagic-guide", Count: 1 as byte, tag: {"akashictome:definedMod": "bloodmagic"}, Damage: 0 as short}, forestry: {id: "forestry:book_forester", Count: 1 as byte, tag: {"akashictome:definedMod": "forestry"}, Damage: 0 as short}, cookingforblockheads: {id: "cookingforblockheads:recipe_book", Count: 1 as byte, tag: {"akashictome:definedMod": "cookingforblockheads"}, Damage: 1 as short}, xnet: {id: "xnet:xnet_manual", Count: 1 as byte, tag: {"akashictome:definedMod": "xnet"}, Damage: 0 as short}}}):-1
[INITIALIZATION][CLIENT][INFO] Adding tooltip for <akashictome:tome>.withTag({"akashictome:is_morphing": 1 as byte, "akashictome:data": {tconstruct: {id: "tconstruct:book", Count: 1 as byte, tag: {"akashictome:definedMod": "tconstruct"}, Damage: 0 as short}, rftoolscontrol: {id: "rftoolscontrol:rftoolscontrol_manual", Count: 1 as byte, tag: {"akashictome:definedMod": "rftoolscontrol"}, Damage: 0 as short}, industrialforegoing: {id: "industrialforegoing:book_manual", Count: 1 as byte, tag: {"akashictome:definedMod": "industrialforegoing"}, Damage: 0 as short}, astralsorcery: {id: "astralsorcery:itemjournal", Count: 1 as byte, tag: {"akashictome:definedMod": "astralsorcery"}, Damage: 0 as short}, conarm: {id: "conarm:book", Count: 1 as byte, tag: {"akashictome:definedMod": "conarm"}, Damage: 0 as short}, immersiveengineering: {id: "immersiveengineering:tool", Count: 1 as byte, tag: {"akashictome:definedMod": "immersiveengineering"}, Damage: 3 as short}, valkyrielib: {id: "valkyrielib:guide", Count: 1 as byte, tag: {"akashictome:definedMod": "valkyrielib"}, Damage: 0 as short}, rftools1: {id: "rftools:rftools_shape_manual", Count: 1 as byte, tag: {"akashictome:definedMod": "rftools1"}, Damage: 0 as short}, botania: {id: "botania:lexicon", Count: 1 as byte, tag: {"akashictome:definedMod": "botania"}, Damage: 0 as short}, rustic: {id: "rustic:book", Count: 1 as byte, tag: {"akashictome:definedMod": "rustic"}, Damage: 0 as short}, draconicevolution: {id: "draconicevolution:info_tablet", Count: 1 as byte, tag: {"akashictome:definedMod": "draconicevolution"}, Damage: 0 as short}, extrautils2: {id: "extrautils2:book", Count: 1 as byte, tag: {"akashictome:definedMod": "extrautils2"}, Damage: 0 as short}, thermalfoundation: {id: "thermalfoundation:tome_lexicon", Count: 1 as byte, tag: {"akashictome:definedMod": "thermalfoundation"}, Damage: 0 as short}, actuallyadditions: {id: "actuallyadditions:item_booklet", Count: 1 as byte, tag: {"akashictome:definedMod": "actuallyadditions"}, Damage: 0 as short}, bloodmagic: {id: "guideapi:bloodmagic-guide", Count: 1 as byte, tag: {"akashictome:definedMod": "bloodmagic"}, Damage: 0 as short}, forestry: {id: "forestry:book_forester", Count: 1 as byte, tag: {"akashictome:definedMod": "forestry"}, Damage: 0 as short}, cookingforblockheads: {id: "cookingforblockheads:recipe_book", Count: 1 as byte, tag: {"akashictome:definedMod": "cookingforblockheads"}, Damage: 1 as short}, xnet: {id: "xnet:xnet_manual", Count: 1 as byte, tag: {"akashictome:definedMod": "xnet"}, Damage: 0 as short}}}): "The Tome is preloaded with all basic mod manuals and guides!"
[INITIALIZATION][CLIENT][INFO] [crafttweaker | SIDE_CLIENT]: Loading Script: {[0:crafttweaker]: 03_tooltip.zs}
[INITIALIZATION][CLIENT][INFO] Initializing 'tooltip.zs'...
[INITIALIZATION][CLIENT][INFO] Adding tooltip for <fluxnetworks:flux>: "Drops from Redstone Ore"
[INITIALIZATION][CLIENT][INFO] Adding tooltip for <fluxnetworks:flux>: "Throwing in fire or lava recipe has been disabled!"
[INITIALIZATION][CLIENT][INFO] Initialized 'tooltip.zs'
[INITIALIZATION][CLIENT][INFO] Completed script loading in: 1779ms
[POSTINITIALIZATION][CLIENT][INFO] Removing recipes for various outputs
[POSTINITIALIZATION][CLIENT][INFO] Adding shapeless recipe for Grout with name ct_shapeless-1687752399
[POSTINITIALIZATION][CLIENT][INFO] Adding shaped recipe for Dark Oak Bark with name ct_shaped866001632
[POSTINITIALIZATION][CLIENT][INFO] Adding shaped recipe for Acacia Bark with name ct_shaped2035623888
[POSTINITIALIZATION][CLIENT][INFO] Adding shaped recipe for Jungle Bark with name ct_shaped1910004744
[POSTINITIALIZATION][CLIENT][INFO] Adding shaped recipe for Birch Bark with name ct_shaped-83212056
[POSTINITIALIZATION][CLIENT][INFO] Adding shaped recipe for Spruce Bark with name ct_shaped-2076428856
[POSTINITIALIZATION][CLIENT][INFO] Adding shaped recipe for Oak Bark with name ct_shaped1386799528
[POSTINITIALIZATION][CLIENT][INFO] Adding shapeless recipe for Oak Trapped Chest with name ct_shapeless1113203270
[POSTINITIALIZATION][CLIENT][INFO] Adding shapeless recipe for Oak Trapped Chest with name ct_shapeless1112279749
[POSTINITIALIZATION][CLIENT][INFO] Adding shapeless recipe for Oak Trapped Chest with name ct_shapeless1111356228
[POSTINITIALIZATION][CLIENT][INFO] Adding shapeless recipe for Oak Trapped Chest with name ct_shapeless1110432707
[POSTINITIALIZATION][CLIENT][INFO] Adding shapeless recipe for Oak Trapped Chest with name ct_shapeless1386789580
[POSTINITIALIZATION][CLIENT][INFO] Adding shapeless recipe for Oak Chest with name ct_shapeless-127843617
[POSTINITIALIZATION][CLIENT][INFO] Adding shapeless recipe for Oak Chest with name ct_shapeless-128767138
[POSTINITIALIZATION][CLIENT][INFO] Adding shapeless recipe for Oak Chest with name ct_shapeless-129690659
[POSTINITIALIZATION][CLIENT][INFO] Adding shapeless recipe for Oak Chest with name ct_shapeless-130614180
[POSTINITIALIZATION][CLIENT][INFO] Adding shapeless recipe for Oak Chest with name ct_shapeless1023487397
[POSTINITIALIZATION][CLIENT][INFO] Adding shaped recipe for Tin Gear with name ct_shaped-848174759
[POSTINITIALIZATION][CLIENT][INFO] Adding shaped recipe for Block of Zinc with name ct_shaped1639569109
[POSTINITIALIZATION][CLIENT][INFO] Adding shaped recipe for Zinc Ingot with name ct_shaped1393358126
[POSTINITIALIZATION][CLIENT][INFO] Adding shapeless recipe for Zinc Ingot with name ct_shapeless-123570481
[POSTINITIALIZATION][CLIENT][INFO] Adding shapeless recipe for Zinc Nugget with name ct_shapeless-129621134
[POSTINITIALIZATION][CLIENT][INFO] Adding shapeless recipe for Nickel Plate with name ct_shapeless1326184078
[POSTINITIALIZATION][CLIENT][INFO] Adding shapeless recipe for Aluminum Plate with name ct_shapeless-724454781
[POSTINITIALIZATION][CLIENT][INFO] Adding shapeless recipe for Steel Plate with name ct_shapeless-919936465
[POSTINITIALIZATION][CLIENT][INFO] Adding shapeless recipe for Gold Plate with name ct_shapeless935707448
[POSTINITIALIZATION][CLIENT][INFO] Adding shapeless recipe for Silver Plate with name ct_shapeless-1590663666
[POSTINITIALIZATION][CLIENT][INFO] Adding shapeless recipe for Bronze Plate with name ct_shapeless1612079739
[POSTINITIALIZATION][CLIENT][INFO] Adding shapeless recipe for Tin Plate with name ct_shapeless185012699
[POSTINITIALIZATION][CLIENT][INFO] Adding shapeless recipe for Copper Plate with name ct_shapeless1298067864
[POSTINITIALIZATION][CLIENT][INFO] Adding shapeless recipe for Iron Plate with name ct_shapeless289767711
[POSTINITIALIZATION][CLIENT][INFO] Adding shapeless recipe for Lead Plate with name ct_shapeless1683325278
[POSTINITIALIZATION][CLIENT][INFO] Adding shapeless recipe for Electrum Plate with name ct_shapeless68031226
[POSTINITIALIZATION][CLIENT][INFO] Adding shapeless recipe for Iridium Plate with name ct_shapeless1008042041
[POSTINITIALIZATION][CLIENT][INFO] Adding shapeless recipe for Constantan Plate with name ct_shapeless-1642506765
[POSTINITIALIZATION][CLIENT][INFO] Adding shapeless recipe for Lumium Plate with name ct_shapeless668437601
[POSTINITIALIZATION][CLIENT][INFO] Adding shapeless recipe for Enderium Plate with name ct_shapeless-1284107682
[POSTINITIALIZATION][CLIENT][INFO] Adding shapeless recipe for Invar Plate with name ct_shapeless2129769476
[POSTINITIALIZATION][CLIENT][INFO] Adding shapeless recipe for Signalum Plate with name ct_shapeless61168931
[POSTINITIALIZATION][CLIENT][INFO] Adding shapeless recipe for Mana Infused Plate with name ct_shapeless-119324192
[POSTINITIALIZATION][CLIENT][INFO] Adding shapeless recipe for Platinum Plate with name ct_shapeless1064290737
[POSTINITIALIZATION][CLIENT][INFO] Adding shapeless recipe for Brass Plate with name ct_shapeless-1282462167
[POSTINITIALIZATION][CLIENT][INFO] Adding shapeless recipe for Thaumium Plate with name ct_shapeless620223993
[POSTINITIALIZATION][CLIENT][INFO] Adding shapeless recipe for Void Metal Plate with name ct_shapeless-1360228913
[POSTINITIALIZATION][CLIENT][INFO] Adding shapeless recipe for Platinum Plate with name ct_shapeless-1957891543
[POSTINITIALIZATION][CLIENT][INFO] Adding shapeless recipe for Mana Infused Plate with name ct_shapeless-1877569236
[POSTINITIALIZATION][CLIENT][INFO] Adding shapeless recipe for Signalum Plate with name ct_shapeless-319920353
[POSTINITIALIZATION][CLIENT][INFO] Adding shapeless recipe for Invar Plate with name ct_shapeless-538976286
[POSTINITIALIZATION][CLIENT][INFO] Adding shapeless recipe for Enderium Plate with name ct_shapeless-1609003498
[POSTINITIALIZATION][CLIENT][INFO] Adding shapeless recipe for Lumium Plate with name ct_shapeless1999912379
[POSTINITIALIZATION][CLIENT][INFO] Adding shapeless recipe for Constantan Plate with name ct_shapeless266721169
[POSTINITIALIZATION][CLIENT][INFO] Adding shapeless recipe for Iridium Plate with name ct_shapeless-474014685
[POSTINITIALIZATION][CLIENT][INFO] Adding shapeless recipe for Electrum Plate with name ct_shapeless-425444994
[POSTINITIALIZATION][CLIENT][INFO] Adding shapeless recipe for Lead Plate with name ct_shapeless245505596
[POSTINITIALIZATION][CLIENT][INFO] Adding shapeless recipe for Nickel Plate with name ct_shapeless-504920920
[POSTINITIALIZATION][CLIENT][INFO] Adding shapeless recipe for Aluminum Plate with name ct_shapeless492136767
[POSTINITIALIZATION][CLIENT][INFO] Adding shapeless recipe for Steel Plate with name ct_shapeless-2104310199
[POSTINITIALIZATION][CLIENT][INFO] Adding shapeless recipe for Gold Plate with name ct_shapeless-357392982
[POSTINITIALIZATION][CLIENT][INFO] Adding shapeless recipe for Silver Plate with name ct_shapeless1177021198
[POSTINITIALIZATION][CLIENT][INFO] Adding shapeless recipe for Tin Plate with name ct_shapeless-1960380295
[POSTINITIALIZATION][CLIENT][INFO] Adding shapeless recipe for Copper Plate with name ct_shapeless-1458321956
[POSTINITIALIZATION][CLIENT][INFO] Adding shapeless recipe for Iron Plate with name ct_shapeless821724083
[POSTINITIALIZATION][CLIENT][INFO] Adding shapeless recipe for Brass Plate with name ct_shapeless189876567
[POSTINITIALIZATION][CLIENT][INFO] Adding shapeless recipe for Thaumium Plate with name ct_shapeless-1743778409
[POSTINITIALIZATION][CLIENT][INFO] Adding shapeless recipe for Void Metal Plate with name ct_shapeless-257838897
[POSTINITIALIZATION][CLIENT][INFO] Adding shaped recipe for Jetpack Attachment Plate with name ct_shaped-1213344888
[POSTINITIALIZATION][CLIENT][INFO] Adding shaped recipe for Iridium Reinforced Plate with name ct_shaped1205908350
[POSTINITIALIZATION][CLIENT][INFO] Adding shapeless recipe for Akashic Tome with name ct_shapeless-1313683801
[POSTINITIALIZATION][CLIENT][INFO] Adding furnace recipe for <harvestcraft:flouritem>
[AVAILABLE][CLIENT][INFO] Fixed the RecipeBook
[AVAILABLE][CLIENT][INFO] Adding description in JEI for: <akashictome:tome>.withTag({"akashictome:is_morphing": 1 as byte, "akashictome:data": {tconstruct: {id: "tconstruct:book", Count: 1 as byte, tag: {"akashictome:definedMod": "tconstruct"}, Damage: 0 as short}, rftoolscontrol: {id: "rftoolscontrol:rftoolscontrol_manual", Count: 1 as byte, tag: {"akashictome:definedMod": "rftoolscontrol"}, Damage: 0 as short}, industrialforegoing: {id: "industrialforegoing:book_manual", Count: 1 as byte, tag: {"akashictome:definedMod": "industrialforegoing"}, Damage: 0 as short}, astralsorcery: {id: "astralsorcery:itemjournal", Count: 1 as byte, tag: {"akashictome:definedMod": "astralsorcery"}, Damage: 0 as short}, conarm: {id: "conarm:book", Count: 1 as byte, tag: {"akashictome:definedMod": "conarm"}, Damage: 0 as short}, immersiveengineering: {id: "immersiveengineering:tool", Count: 1 as byte, tag: {"akashictome:definedMod": "immersiveengineering"}, Damage: 3 as short}, valkyrielib: {id: "valkyrielib:guide", Count: 1 as byte, tag: {"akashictome:definedMod": "valkyrielib"}, Damage: 0 as short}, rftools1: {id: "rftools:rftools_shape_manual", Count: 1 as byte, tag: {"akashictome:definedMod": "rftools1"}, Damage: 0 as short}, botania: {id: "botania:lexicon", Count: 1 as byte, tag: {"akashictome:definedMod": "botania"}, Damage: 0 as short}, rustic: {id: "rustic:book", Count: 1 as byte, tag: {"akashictome:definedMod": "rustic"}, Damage: 0 as short}, draconicevolution: {id: "draconicevolution:info_tablet", Count: 1 as byte, tag: {"akashictome:definedMod": "draconicevolution"}, Damage: 0 as short}, extrautils2: {id: "extrautils2:book", Count: 1 as byte, tag: {"akashictome:definedMod": "extrautils2"}, Damage: 0 as short}, thermalfoundation: {id: "thermalfoundation:tome_lexicon", Count: 1 as byte, tag: {"akashictome:definedMod": "thermalfoundation"}, Damage: 0 as short}, actuallyadditions: {id: "actuallyadditions:item_booklet", Count: 1 as byte, tag: {"akashictome:definedMod": "actuallyadditions"}, Damage: 0 as short}, bloodmagic: {id: "guideapi:bloodmagic-guide", Count: 1 as byte, tag: {"akashictome:definedMod": "bloodmagic"}, Damage: 0 as short}, forestry: {id: "forestry:book_forester", Count: 1 as byte, tag: {"akashictome:definedMod": "forestry"}, Damage: 0 as short}, cookingforblockheads: {id: "cookingforblockheads:recipe_book", Count: 1 as byte, tag: {"akashictome:definedMod": "cookingforblockheads"}, Damage: 1 as short}, xnet: {id: "xnet:xnet_manual", Count: 1 as byte, tag: {"akashictome:definedMod": "xnet"}, Damage: 0 as short}}})
[AVAILABLE][CLIENT][INFO] Adding <akashictome:tome>.withTag({"akashictome:is_morphing": 1 as byte, "akashictome:data": {tconstruct: {id: "tconstruct:book", Count: 1 as byte, tag: {"akashictome:definedMod": "tconstruct"}, Damage: 0 as short}, rftoolscontrol: {id: "rftoolscontrol:rftoolscontrol_manual", Count: 1 as byte, tag: {"akashictome:definedMod": "rftoolscontrol"}, Damage: 0 as short}, industrialforegoing: {id: "industrialforegoing:book_manual", Count: 1 as byte, tag: {"akashictome:definedMod": "industrialforegoing"}, Damage: 0 as short}, astralsorcery: {id: "astralsorcery:itemjournal", Count: 1 as byte, tag: {"akashictome:definedMod": "astralsorcery"}, Damage: 0 as short}, conarm: {id: "conarm:book", Count: 1 as byte, tag: {"akashictome:definedMod": "conarm"}, Damage: 0 as short}, immersiveengineering: {id: "immersiveengineering:tool", Count: 1 as byte, tag: {"akashictome:definedMod": "immersiveengineering"}, Damage: 3 as short}, valkyrielib: {id: "valkyrielib:guide", Count: 1 as byte, tag: {"akashictome:definedMod": "valkyrielib"}, Damage: 0 as short}, rftools1: {id: "rftools:rftools_shape_manual", Count: 1 as byte, tag: {"akashictome:definedMod": "rftools1"}, Damage: 0 as short}, botania: {id: "botania:lexicon", Count: 1 as byte, tag: {"akashictome:definedMod": "botania"}, Damage: 0 as short}, rustic: {id: "rustic:book", Count: 1 as byte, tag: {"akashictome:definedMod": "rustic"}, Damage: 0 as short}, draconicevolution: {id: "draconicevolution:info_tablet", Count: 1 as byte, tag: {"akashictome:definedMod": "draconicevolution"}, Damage: 0 as short}, extrautils2: {id: "extrautils2:book", Count: 1 as byte, tag: {"akashictome:definedMod": "extrautils2"}, Damage: 0 as short}, thermalfoundation: {id: "thermalfoundation:tome_lexicon", Count: 1 as byte, tag: {"akashictome:definedMod": "thermalfoundation"}, Damage: 0 as short}, actuallyadditions: {id: "actuallyadditions:item_booklet", Count: 1 as byte, tag: {"akashictome:definedMod": "actuallyadditions"}, Damage: 0 as short}, bloodmagic: {id: "guideapi:bloodmagic-guide", Count: 1 as byte, tag: {"akashictome:definedMod": "bloodmagic"}, Damage: 0 as short}, forestry: {id: "forestry:book_forester", Count: 1 as byte, tag: {"akashictome:definedMod": "forestry"}, Damage: 0 as short}, cookingforblockheads: {id: "cookingforblockheads:recipe_book", Count: 1 as byte, tag: {"akashictome:definedMod": "cookingforblockheads"}, Damage: 1 as short}, xnet: {id: "xnet:xnet_manual", Count: 1 as byte, tag: {"akashictome:definedMod": "xnet"}, Damage: 0 as short}}}) to JEI
