Started at: 2021-08-28T20:03:08.613
#############
#
# Loading
#
#############

# Found pack: C:\Users\Mental\AppData\Roaming\.technic\modpacks\the-1122-pack\mods\buildcraft-all-7.99.24.8.jar

Found script: buildcrafttransport/compat/buildcraft/guide.txt

Found script: buildcraftsilicon/compat/buildcraft/guide.txt

Found script: buildcraftlib/compat/buildcraft/guide.txt

Found script: buildcraftfactory/compat/buildcraft/guide.txt

Found script: buildcraftenergy/compat/buildcraft/guide.txt

Found script: buildcraftcore/compat/buildcraft/guide.txt

#############
#
# Executing
#
#############

Adding buildcraftfactory:block/flood_gate as ItemStackValueFilter: 1xtile.floodGateBlock@0
Adding buildcraftsilicon:item/plug_pulsar as ItemStackValueFilter: 1xitem.pulsar@0
Adding buildcraftcore:action/machine_control_on as ActionMachineControl: buildcraft.core.statements.ActionMachineControl@639e4450
Adding buildcrafttransport:pipe/diamond_fluid as ItemStackValueFilter: 1xitem.PipeFluidsDiamond@0
Adding buildcraftfactory:block/heat_exchange as ItemStackValueFilter: 1xtile.heat_exchange@0
Adding buildcrafttransport:pipe/wood_item as ItemStackValueFilter: 1xitem.PipeItemsWood@0
Adding buildcraftcore:trigger/always_on as TriggerTrue: buildcraft.core.statements.TriggerTrue@7c65fd04
Adding buildcrafttransport:pipe/gold_fluid as ItemStackValueFilter: 1xitem.PipeFluidsGold@0
Adding buildcrafttransport:pipe/clay_fluid as ItemStackValueFilter: 1xitem.PipeFluidsClay@0
Adding buildcraftsilicon:action/pulsar_single as ActionPowerPulsar: buildcraft.silicon.statement.ActionPowerPulsar@365258fd
Adding buildcraftcore:trigger/inventory_space as TriggerInventory: buildcraft.core.statements.TriggerInventory@43f1554
Adding buildcraftlib:config/guide_page_format as String: Guide Page File Format§r
Adding buildcraftcore:trigger/inventory_contains as TriggerInventory: buildcraft.core.statements.TriggerInventory@15127d47
Adding buildcraftcore:action/machine_control_loop as ActionMachineControl: buildcraft.core.statements.ActionMachineControl@464c2f3c
Adding buildcraftcore:item/wrench as ItemStackValueFilter: 1xitem.wrenchItem@0
Adding buildcraftcore:trigger/inventory_below_75 as TriggerInventoryLevel: buildcraft.core.statements.TriggerInventoryLevel@627d12b8
Adding buildcraftcore:trigger/engine_overheat as TriggerEnginePowerStage: buildcraft.core.statements.TriggerEnginePowerStage@1e943e16
Adding buildcrafttransport:pipe/emzuli_item as ItemStackValueFilter: 1xitem.PipeItemsEmzuli@0
Adding buildcraftcore:trigger/machine_inactive as TriggerMachine: buildcraft.core.statements.TriggerMachine@18ea80c6
Adding buildcraftcore:trigger/inventory_empty as TriggerInventory: buildcraft.core.statements.TriggerInventory@3f786928
Adding buildcraftsilicon:action/pulsar_constant as ActionPowerPulsar: buildcraft.silicon.statement.ActionPowerPulsar@351a54ad
Adding buildcraftcore:trigger/fluid_below_75 as TriggerFluidContainerLevel: buildcraft.core.statements.TriggerFluidContainerLevel@ac1a896
Adding buildcraftcore:trigger/engine_green as TriggerEnginePowerStage: buildcraft.core.statements.TriggerEnginePowerStage@46e1f5b8
Adding buildcrafttransport:pipe/daizuli_item as ItemStackValueFilter: 1xitem.PipeItemsDaizuli@0
Adding buildcraftsilicon:trigger/light_low as TriggerLightSensor: buildcraft.silicon.statement.TriggerLightSensor@3a2cf565
Adding buildcraftlib:config/json_insn_format as String: Json Instruction File Format§r
Adding buildcrafttransport:action/pipe_direction_south as ActionPipeDirection: ActionPipeDirection[south]
Adding buildcraftcore:trigger/redstone_active as TriggerRedstoneInput: buildcraft.core.statements.TriggerRedstoneInput@5df471b1
Adding buildcraftlib:config/registry_overview as String: Json Registry Overview§r
Adding buildcraftcore:block/engine_wood as ItemStackValueFilter: Matching meta of 1xtile.engineBlock@0
Adding buildcraftenergy:block/engine_iron as ItemStackValueFilter: Matching meta of 1xtile.engineBlock@2
Adding buildcraftcore:item/gear_iron as ItemStackValueFilter: 1xitem.ironGearItem@0
Adding buildcraftcore:trigger/engine_yellow as TriggerEnginePowerStage: buildcraft.core.statements.TriggerEnginePowerStage@5a76e781
Adding buildcraftsilicon:item/plug_gate as ItemStackValueFilter: 1xitem.gate@0
Adding buildcraftsilicon:item/plug_facade as ItemStackValueFilter: 1xitem.Facade@0
Adding buildcrafttransport:item/plug_blocker as ItemStackValueFilter: 1xitem.PipePlug@0
Adding buildcrafttransport:action/pipe_colour as ActionPipeColor: buildcraft.transport.statements.ActionPipeColor@13f39542
Adding buildcraftcore:trigger/inventory_full as TriggerInventory: buildcraft.core.statements.TriggerInventory@4e29dd84
Adding buildcraftcore:trigger/inventory_below_50 as TriggerInventoryLevel: buildcraft.core.statements.TriggerInventoryLevel@30ae4409
Adding buildcrafttransport:item/plug_power_adaptor as ItemStackValueFilter: 1xitem.PipePowerAdapter@0
Adding buildcraftcore:trigger/fluid_contains as TriggerFluidContainer: buildcraft.core.statements.TriggerFluidContainer@5d09e772
Adding buildcrafttransport:pipe/structure as ItemStackValueFilter: 1xitem.PipeStructureCobblestone@0
Adding buildcrafttransport:pipe/quartz_item as ItemStackValueFilter: 1xitem.PipeItemsQuartz@0
Adding buildcraftcore:trigger/fluid_below_50 as TriggerFluidContainerLevel: buildcraft.core.statements.TriggerFluidContainerLevel@525f2014
Adding buildcraftfactory:block/tank as ItemStackValueFilter: 1xtile.tankBlock@0
Adding buildcraftcore:trigger/fluid_empty as TriggerFluidContainer: buildcraft.core.statements.TriggerFluidContainer@521a0226
Adding buildcraftcore:trigger/machine_active as TriggerMachine: buildcraft.core.statements.TriggerMachine@10d68a60
Adding buildcraftfactory:block/mining_well as ItemStackValueFilter: 1xtile.miningWellBlock@0
Adding buildcrafttransport:pipe/diamond_wood_item as ItemStackValueFilter: 1xitem.PipeItemsWoodenDiamond@0
Adding buildcraftcore:trigger/engine_red as TriggerEnginePowerStage: buildcraft.core.statements.TriggerEnginePowerStage@276cd7f
Adding buildcrafttransport:pipe/iron_fluid as ItemStackValueFilter: 1xitem.PipeFluidsIron@0
Adding buildcrafttransport:pipe/gold_item as ItemStackValueFilter: 1xitem.PipeItemsGold@0
Adding buildcrafttransport:action/extraction_preset as ActionExtractionPreset: buildcraft.transport.statements.ActionExtractionPreset@290202a5
Adding buildcrafttransport:pipe/lapis_item as ItemStackValueFilter: 1xitem.PipeItemsLapis@0
Adding buildcraftcore:item/volume_box as ItemStackValueFilter: 1xitem.volume_box@0
Adding buildcrafttransport:action/pipe_direction_west as ActionPipeDirection: ActionPipeDirection[west]
Adding buildcraftcore:item/gear_stone as ItemStackValueFilter: 1xitem.stoneGearItem@0
Adding buildcraftcore:item/list as ItemStackValueFilter: 1xitem.list@0
Adding buildcrafttransport:trigger/items_traversing as TriggerItemsTraversing: buildcraft.transport.statements.TriggerItemsTraversing@2ef49e52
Adding buildcraftfactory:block/distiller as ItemStackValueFilter: 1xtile.distiller@0
Adding buildcrafttransport:pipe/stone_fluid as ItemStackValueFilter: 1xitem.PipeFluidsStone@0
Adding buildcrafttransport:pipe/sandstone_fluid as ItemStackValueFilter: 1xitem.PipeFluidsSandstone@0
Adding buildcraftcore:action/machine_control_off as ActionMachineControl: buildcraft.core.statements.ActionMachineControl@d39508c
Adding buildcrafttransport:pipe/clay_item as ItemStackValueFilter: 1xitem.PipeItemsClay@0
Adding buildcrafttransport:pipe/wood_fluid as ItemStackValueFilter: 1xitem.PipeFluidsWood@0
Adding buildcraftsilicon:trigger/light_high as TriggerLightSensor: buildcraft.silicon.statement.TriggerLightSensor@66c5a106
Adding buildcrafttransport:trigger/fluids_traversing as TriggerFluidsTraversing: buildcraft.transport.statements.TriggerFluidsTraversing@1567d248
Adding buildcraftcore:action/redstone as ActionRedstoneOutput: buildcraft.core.statements.ActionRedstoneOutput@1f6bd8b8
Adding buildcrafttransport:pipe/cobble_item as ItemStackValueFilter: 1xitem.PipeItemsCobblestone@0
Adding buildcraftcore:trigger/inventory_below_25 as TriggerInventoryLevel: buildcraft.core.statements.TriggerInventoryLevel@581156e9
Adding buildcraftcore:item/marker_path as ItemStackValueFilter: 1xtile.pathMarkerBlock@0
Adding buildcraftcore:item/gear_wood as ItemStackValueFilter: 1xitem.woodenGearItem@0
Adding buildcrafttransport:item/wire as ItemStackValueFilter: 1xitem.pipeWire@0
Adding buildcrafttransport:action/pipe_direction_below as ActionPipeDirection: ActionPipeDirection[down]
Adding buildcraftsilicon:item/plug_lens as ItemStackValueFilter: 1xitem.lens@0
Adding buildcraftcore:item/marker_volume as ItemStackValueFilter: 1xtile.markerBlock@0
Adding buildcraftcore:item/paintbrush as ItemStackValueFilter: 1xitem.paintbrush@0
Adding buildcraftfactory:block/autoworkbench_item as ItemStackValueFilter: 1xtile.autoWorkbenchBlock@0
Adding buildcrafttransport:action/pipe_direction_north as ActionPipeDirection: ActionPipeDirection[north]
Adding buildcrafttransport:action/pipe_direction_above as ActionPipeDirection: ActionPipeDirection[up]
Adding buildcraftfactory:block/chute as ItemStackValueFilter: 1xtile.chuteBlock@0
Adding buildcraftcore:trigger/fluid_below_25 as TriggerFluidContainerLevel: buildcraft.core.statements.TriggerFluidContainerLevel@1397117c
Adding buildcraftenergy:block/engine_stone as ItemStackValueFilter: Matching meta of 1xtile.engineBlock@1
Adding buildcrafttransport:pipe/void_item as ItemStackValueFilter: 1xitem.PipeItemsVoid@0
Adding buildcrafttransport:pipe/stone_item as ItemStackValueFilter: 1xitem.PipeItemsStone@0
Adding buildcrafttransport:action/pipe_direction_east as ActionPipeDirection: ActionPipeDirection[east]
Adding buildcrafttransport:pipe/diamond_item as ItemStackValueFilter: 1xitem.PipeItemsDiamond@0
Adding buildcraftcore:item/gear_diamond as ItemStackValueFilter: 1xitem.diamondGearItem@0
Adding buildcrafttransport:pipe/quartz_fluid as ItemStackValueFilter: 1xitem.PipeFluidsQuartz@0
Adding buildcraftcore:item/gear_gold as ItemStackValueFilter: 1xitem.goldGearItem@0
Adding buildcraftcore:trigger/engine_blue as TriggerEnginePowerStage: buildcraft.core.statements.TriggerEnginePowerStage@384964d4
Adding buildcrafttransport:pipe/iron_item as ItemStackValueFilter: 1xitem.PipeItemsIron@0
Adding buildcrafttransport:pipe/void_fluid as ItemStackValueFilter: 1xitem.PipeFluidsVoid@0
Adding buildcrafttransport:pipe/stripes_item as ItemStackValueFilter: 1xitem.PipeItemsStripes@0
Adding buildcraftsilicon:item/plug_light_sensor as ItemStackValueFilter: 1xitem.light_sensor@0
Adding buildcraftfactory:block/pump as ItemStackValueFilter: 1xtile.pumpBlock@0
Adding buildcrafttransport:pipe/cobble_fluid as ItemStackValueFilter: 1xitem.PipeFluidsCobblestone@0
Adding buildcrafttransport:pipe/obsidian_item as ItemStackValueFilter: 1xitem.PipeItemsObsidian@0
Adding buildcrafttransport:action/pipe_signal_active as ActionPipeSignal: buildcraft.transport.statements.ActionPipeSignal@79a6c57d
Adding buildcraftcore:trigger/fluid_space as TriggerFluidContainer: buildcraft.core.statements.TriggerFluidContainer@2b5262be
Adding buildcraftcore:trigger/redstone_inactive as TriggerRedstoneInput: buildcraft.core.statements.TriggerRedstoneInput@659a59
Adding buildcrafttransport:pipe/sandstone_item as ItemStackValueFilter: 1xitem.PipeItemsSandstone@0
Adding buildcraftcore:trigger/fluid_full as TriggerFluidContainer: buildcraft.core.statements.TriggerFluidContainer@73f92145
Adding buildcrafttransport:trigger/pipe_signal_inactive as TriggerPipeSignal: buildcraft.transport.statements.TriggerPipeSignal@3cbb8f6a
Adding buildcrafttransport:trigger/pipe_signal_active as TriggerPipeSignal: buildcraft.transport.statements.TriggerPipeSignal@4c44dd1
Adding buildcrafttransport:pipe/diamond_wood_fluid as ItemStackValueFilter: 1xitem.PipeFluidsWoodenDiamond@0
Unable to load buildcrafttransport:trigger/pipe_empty from {"type":"statement","book":"buildcraftcore:main","tag_type":"trigger","tag_subtype":"pipe_item","statement":"buildcraft:pipe_empty"} because Unknown statement 'buildcraft:pipe_empty'
Adding buildcraftcore:item/marker_connector as ItemStackValueFilter: 1xitem.markerConnector@0
Adding buildcraftcore:block/engine_creative as ItemStackValueFilter: Matching meta of 1xtile.engineBlock@1
Finished at: 2021-08-28T20:03:09.966, took 1353ms
