[00:46:40] [INFO] More Chickens PreInit...
[01:00:01] [INFO] More Chickens Init...
[01:00:01] [INFO] Looking for More Chickens addon...
[01:00:01] [INFO] Loading More Chickens addon...
[01:00:01] [INFO] Looking for Base Metals addon...
[01:00:01] [INFO] Loading Base Metals addon...
[01:00:01] [INFO] Looking for Botania addon...
[01:00:01] [INFO] Loading Botania addon...
[01:00:01] [INFO] Looking for Draconic Evolution addon...
[01:00:01] [INFO] Loading Draconic Evolution addon...
[01:00:01] [INFO] Looking for EnderIO addon...
[01:00:01] [INFO] Loading EnderIO addon...
[01:00:01] [INFO] Looking for Extreme Reactors addon...
[01:00:01] [INFO] Loading Extreme Reactors addon...
[01:00:01] [INFO] Looking for Immersive Engineering addon...
[01:00:01] [INFO] Loading Immersive Engineering addon...
[01:00:01] [INFO] Looking for Mekanism addon...
[01:00:01] [INFO] Loading Mekanism addon...
[01:00:01] [INFO] Looking for Thermal Foundation addon...
[01:00:01] [INFO] Loading Thermal Foundation addon...
[01:00:01] [INFO] Looking for Tinkers Construct addon...
[01:00:01] [INFO] Loading Tinkers Construct addon...
[01:00:01] [INFO] Looking for Ars Magica 2 addon...
[01:00:01] [INFO] Looking for EvilCraft addon...
[01:00:01] [INFO] Looking for MineFactory Reloaded addon...
[01:00:01] [INFO] Looking for Actually Additions addon...
[01:00:01] [INFO] Loading Actually Additions addon...
[01:00:01] [INFO] Looking for Extra Utilities 2 addon...
[01:00:01] [INFO] Loading Extra Utilities 2 addon...
[01:00:01] [INFO] Looking for Refined Storage addon...
[01:00:01] [INFO] Loading Refined Storage addon...
[01:00:01] [INFO] Looking for Tech Reborn addon...
[01:00:01] [INFO] Loading Tech Reborn addon...
[01:00:01] [INFO] More Chickens Loading Config...
